<?xml version="1.0" encoding="UTF-8"?>
<!-- Generated by org.testng.reporters.JUnitXMLReporter -->
<testsuite ignored="1" hostname="DESKTOP-VLILFCN" failures="0" tests="4" name="Default test" time="13.004" errors="0" timestamp="2023-10-01T09:33:21 IST">
  <testcase classname="tests.GitHubTests" name="testToCreateARepoWithPojo" time="8.828"/>
  <testcase classname="tests.GitHubTests" name="testToReadARepo" time="2.739"/>
  <testcase classname="tests.GitHubTests" name="testToUpdateARepo" time="0.637"/>
  <testcase classname="tests.GitHubTests" name="testToDeleteARepo" time="0.651"/>
  <testcase classname="tests.GitHubTests" name="testToCreateARepoWithoutPojo" time="0.0">
    <ignored/>
  </testcase> <!-- testToCreateARepoWithoutPojo -->
</testsuite> <!-- Default test -->
