<?xml version="1.0" encoding="UTF-8"?>
<!-- Generated by org.testng.reporters.JUnitXMLReporter -->
<testsuite ignored="1" hostname="DESKTOP-VLILFCN" failures="0" tests="4" name="Test" time="14.468" errors="0" timestamp="2023-10-01T16:36:02 IST">
  <testcase classname="tests.GitHubTests" name="testToCreateARepoWithPojo" time="9.552"/>
  <testcase classname="tests.GitHubTests" name="testToReadARepo" time="2.754"/>
  <testcase classname="tests.GitHubTests" name="testToUpdateARepo" time="0.918"/>
  <testcase classname="tests.GitHubTests" name="testToDeleteARepo" time="0.903"/>
  <testcase classname="tests.GitHubTests" name="testToCreateARepoWithoutPojo" time="0.0">
    <ignored/>
  </testcase> <!-- testToCreateARepoWithoutPojo -->
</testsuite> <!-- Test -->
