<?xml version="1.0" encoding="UTF-8"?>
<!-- Generated by org.testng.reporters.JUnitXMLReporter -->
<testsuite ignored="1" hostname="DESKTOP-VLILFCN" failures="0" tests="4" name="Test" time="18.306" errors="0" timestamp="2023-10-01T09:39:49 IST">
  <testcase classname="tests.GitHubTests" name="testToCreateARepoWithPojo" time="12.492"/>
  <testcase classname="tests.GitHubTests" name="testToReadARepo" time="3.887"/>
  <testcase classname="tests.GitHubTests" name="testToUpdateARepo" time="0.683"/>
  <testcase classname="tests.GitHubTests" name="testToDeleteARepo" time="0.96"/>
  <testcase classname="tests.GitHubTests" name="testToCreateARepoWithoutPojo" time="0.0">
    <ignored/>
  </testcase> <!-- testToCreateARepoWithoutPojo -->
</testsuite> <!-- Test -->
