<?xml version="1.0" encoding="UTF-8"?>
<testng-results ignored="0" total="4" passed="4" failed="0" skipped="0">
  <reporter-output>
  </reporter-output>
  <suite started-at="2023-10-01T09:39:31 IST" name="Suite" finished-at="2023-10-01T09:39:49 IST" duration-ms="18306">
    <groups>
    </groups>
    <test started-at="2023-10-01T09:39:31 IST" name="Test" finished-at="2023-10-01T09:39:49 IST" duration-ms="18306">
      <class name="tests.GitHubTests">
        <test-method signature="testToCreateARepoWithPojo()[pri:0, instance:tests.GitHubTests@e15b7e8]" started-at="2023-10-01T09:39:31 IST" name="testToCreateARepoWithPojo" finished-at="2023-10-01T09:39:44 IST" duration-ms="12492" status="PASS">
          <reporter-output>
          </reporter-output>
        </test-method> <!-- testToCreateARepoWithPojo -->
        <test-method signature="testToReadARepo()[pri:1, instance:tests.GitHubTests@e15b7e8]" started-at="2023-10-01T09:39:44 IST" name="testToReadARepo" finished-at="2023-10-01T09:39:47 IST" duration-ms="3887" status="PASS">
          <reporter-output>
          </reporter-output>
        </test-method> <!-- testToReadARepo -->
        <test-method signature="testToUpdateARepo()[pri:2, instance:tests.GitHubTests@e15b7e8]" started-at="2023-10-01T09:39:47 IST" name="testToUpdateARepo" finished-at="2023-10-01T09:39:48 IST" duration-ms="683" status="PASS">
          <reporter-output>
          </reporter-output>
        </test-method> <!-- testToUpdateARepo -->
        <test-method signature="testToDeleteARepo()[pri:3, instance:tests.GitHubTests@e15b7e8]" started-at="2023-10-01T09:39:48 IST" name="testToDeleteARepo" finished-at="2023-10-01T09:39:49 IST" duration-ms="960" status="PASS">
          <reporter-output>
          </reporter-output>
        </test-method> <!-- testToDeleteARepo -->
      </class> <!-- tests.GitHubTests -->
    </test> <!-- Test -->
  </suite> <!-- Suite -->
</testng-results>
