<?xml version="1.0" encoding="UTF-8"?>
<testsuite xmlns:xsi="http://www.w3.org/2001/XMLSchema-instance" xsi:noNamespaceSchemaLocation="https://maven.apache.org/surefire/maven-surefire-plugin/xsd/surefire-test-report-3.0.xsd" version="3.0" name="TestSuite" time="21.576" tests="4" errors="0" skipped="0" failures="0">
  <properties>
[...]
</properties>
  <testcase name="testToCreateARepoWithPojo" classname="tests.GitHubTests" time="12.504">
    <system-out><![CDATA[request body to create a repo: {
  "name" : "hello world0.6642722936972764",
  "description" : "this is without cucumber0.0731579151169055"
}
{
    "id": 698819944,
    "node_id": "R_kgDOKaclaA",
    "name": "hello-world0.6642722936972764",
    "full_name": "sidgbpec/hello-world0.6642722936972764",
    "private": false,
    "owner": {
        "login": "sidgbpec",
        "id": 65030726,
        "node_id": "MDQ6VXNlcjY1MDMwNzI2",
        "avatar_url": "https://avatars.githubusercontent.com/u/65030726?v=4",
        "gravatar_id": "",
        "url": "https://api.github.com/users/sidgbpec",
        "html_url": "https://github.com/sidgbpec",
        "followers_url": "https://api.github.com/users/sidgbpec/followers",
        "following_url": "https://api.github.com/users/sidgbpec/following{/other_user}",
        "gists_url": "https://api.github.com/users/sidgbpec/gists{/gist_id}",
        "starred_url": "https://api.github.com/users/sidgbpec/starred{/owner}{/repo}",
        "subscriptions_url": "https://api.github.com/users/sidgbpec/subscriptions",
        "organizations_url": "https://api.github.com/users/sidgbpec/orgs",
        "repos_url": "https://api.github.com/users/sidgbpec/repos",
        "events_url": "https://api.github.com/users/sidgbpec/events{/privacy}",
        "received_events_url": "https://api.github.com/users/sidgbpec/received_events",
        "type": "User",
        "site_admin": false
    },
    "html_url": "https://github.com/sidgbpec/hello-world0.6642722936972764",
    "description": "this is without cucumber0.0731579151169055",
    "fork": false,
    "url": "https://api.github.com/repos/sidgbpec/hello-world0.6642722936972764",
    "forks_url": "https://api.github.com/repos/sidgbpec/hello-world0.6642722936972764/forks",
    "keys_url": "https://api.github.com/repos/sidgbpec/hello-world0.6642722936972764/keys{/key_id}",
    "collaborators_url": "https://api.github.com/repos/sidgbpec/hello-world0.6642722936972764/collaborators{/collaborator}",
    "teams_url": "https://api.github.com/repos/sidgbpec/hello-world0.6642722936972764/teams",
    "hooks_url": "https://api.github.com/repos/sidgbpec/hello-world0.6642722936972764/hooks",
    "issue_events_url": "https://api.github.com/repos/sidgbpec/hello-world0.6642722936972764/issues/events{/number}",
    "events_url": "https://api.github.com/repos/sidgbpec/hello-world0.6642722936972764/events",
    "assignees_url": "https://api.github.com/repos/sidgbpec/hello-world0.6642722936972764/assignees{/user}",
    "branches_url": "https://api.github.com/repos/sidgbpec/hello-world0.6642722936972764/branches{/branch}",
    "tags_url": "https://api.github.com/repos/sidgbpec/hello-world0.6642722936972764/tags",
    "blobs_url": "https://api.github.com/repos/sidgbpec/hello-world0.6642722936972764/git/blobs{/sha}",
    "git_tags_url": "https://api.github.com/repos/sidgbpec/hello-world0.6642722936972764/git/tags{/sha}",
    "git_refs_url": "https://api.github.com/repos/sidgbpec/hello-world0.6642722936972764/git/refs{/sha}",
    "trees_url": "https://api.github.com/repos/sidgbpec/hello-world0.6642722936972764/git/trees{/sha}",
    "statuses_url": "https://api.github.com/repos/sidgbpec/hello-world0.6642722936972764/statuses/{sha}",
    "languages_url": "https://api.github.com/repos/sidgbpec/hello-world0.6642722936972764/languages",
    "stargazers_url": "https://api.github.com/repos/sidgbpec/hello-world0.6642722936972764/stargazers",
    "contributors_url": "https://api.github.com/repos/sidgbpec/hello-world0.6642722936972764/contributors",
    "subscribers_url": "https://api.github.com/repos/sidgbpec/hello-world0.6642722936972764/subscribers",
    "subscription_url": "https://api.github.com/repos/sidgbpec/hello-world0.6642722936972764/subscription",
    "commits_url": "https://api.github.com/repos/sidgbpec/hello-world0.6642722936972764/commits{/sha}",
    "git_commits_url": "https://api.github.com/repos/sidgbpec/hello-world0.6642722936972764/git/commits{/sha}",
    "comments_url": "https://api.github.com/repos/sidgbpec/hello-world0.6642722936972764/comments{/number}",
    "issue_comment_url": "https://api.github.com/repos/sidgbpec/hello-world0.6642722936972764/issues/comments{/number}",
    "contents_url": "https://api.github.com/repos/sidgbpec/hello-world0.6642722936972764/contents/{+path}",
    "compare_url": "https://api.github.com/repos/sidgbpec/hello-world0.6642722936972764/compare/{base}...{head}",
    "merges_url": "https://api.github.com/repos/sidgbpec/hello-world0.6642722936972764/merges",
    "archive_url": "https://api.github.com/repos/sidgbpec/hello-world0.6642722936972764/{archive_format}{/ref}",
    "downloads_url": "https://api.github.com/repos/sidgbpec/hello-world0.6642722936972764/downloads",
    "issues_url": "https://api.github.com/repos/sidgbpec/hello-world0.6642722936972764/issues{/number}",
    "pulls_url": "https://api.github.com/repos/sidgbpec/hello-world0.6642722936972764/pulls{/number}",
    "milestones_url": "https://api.github.com/repos/sidgbpec/hello-world0.6642722936972764/milestones{/number}",
    "notifications_url": "https://api.github.com/repos/sidgbpec/hello-world0.6642722936972764/notifications{?since,all,participating}",
    "labels_url": "https://api.github.com/repos/sidgbpec/hello-world0.6642722936972764/labels{/name}",
    "releases_url": "https://api.github.com/repos/sidgbpec/hello-world0.6642722936972764/releases{/id}",
    "deployments_url": "https://api.github.com/repos/sidgbpec/hello-world0.6642722936972764/deployments",
    "created_at": "2023-10-01T04:09:43Z",
    "updated_at": "2023-10-01T04:09:43Z",
    "pushed_at": "2023-10-01T04:09:43Z",
    "git_url": "git://github.com/sidgbpec/hello-world0.6642722936972764.git",
    "ssh_url": "git@github.com:sidgbpec/hello-world0.6642722936972764.git",
    "clone_url": "https://github.com/sidgbpec/hello-world0.6642722936972764.git",
    "svn_url": "https://github.com/sidgbpec/hello-world0.6642722936972764",
    "homepage": null,
    "size": 0,
    "stargazers_count": 0,
    "watchers_count": 0,
    "language": null,
    "has_issues": true,
    "has_projects": true,
    "has_downloads": true,
    "has_wiki": true,
    "has_pages": false,
    "has_discussions": false,
    "forks_count": 0,
    "mirror_url": null,
    "archived": false,
    "disabled": false,
    "open_issues_count": 0,
    "license": null,
    "allow_forking": true,
    "is_template": false,
    "web_commit_signoff_required": false,
    "topics": [
        
    ],
    "visibility": "public",
    "forks": 0,
    "open_issues": 0,
    "watchers": 0,
    "default_branch": "main",
    "permissions": {
        "admin": true,
        "maintain": true,
        "push": true,
        "triage": true,
        "pull": true
    },
    "allow_squash_merge": true,
    "allow_merge_commit": true,
    "allow_rebase_merge": true,
    "allow_auto_merge": false,
    "delete_branch_on_merge": false,
    "allow_update_branch": false,
    "use_squash_pr_title_as_default": false,
    "squash_merge_commit_message": "COMMIT_MESSAGES",
    "squash_merge_commit_title": "COMMIT_OR_PR_TITLE",
    "merge_commit_message": "PR_TITLE",
    "merge_commit_title": "MERGE_MESSAGE",
    "network_count": 0,
    "subscribers_count": 0
}
]]></system-out>
    <system-err><![CDATA[SLF4J: Failed to load class "org.slf4j.impl.StaticLoggerBinder".
SLF4J: Defaulting to no-operation (NOP) logger implementation
SLF4J: See http://www.slf4j.org/codes.html#StaticLoggerBinder for further details.
]]></system-err>
  </testcase>
  <testcase name="testToReadARepo" classname="tests.GitHubTests" time="3.885">
    <system-out><![CDATA[{"id":698819944,"node_id":"R_kgDOKaclaA","name":"hello-world0.6642722936972764","full_name":"sidgbpec/hello-world0.6642722936972764","private":false,"owner":{"login":"sidgbpec","id":65030726,"node_id":"MDQ6VXNlcjY1MDMwNzI2","avatar_url":"https://avatars.githubusercontent.com/u/65030726?v=4","gravatar_id":"","url":"https://api.github.com/users/sidgbpec","html_url":"https://github.com/sidgbpec","followers_url":"https://api.github.com/users/sidgbpec/followers","following_url":"https://api.github.com/users/sidgbpec/following{/other_user}","gists_url":"https://api.github.com/users/sidgbpec/gists{/gist_id}","starred_url":"https://api.github.com/users/sidgbpec/starred{/owner}{/repo}","subscriptions_url":"https://api.github.com/users/sidgbpec/subscriptions","organizations_url":"https://api.github.com/users/sidgbpec/orgs","repos_url":"https://api.github.com/users/sidgbpec/repos","events_url":"https://api.github.com/users/sidgbpec/events{/privacy}","received_events_url":"https://api.github.com/users/sidgbpec/received_events","type":"User","site_admin":false},"html_url":"https://github.com/sidgbpec/hello-world0.6642722936972764","description":"this is without cucumber0.0731579151169055","fork":false,"url":"https://api.github.com/repos/sidgbpec/hello-world0.6642722936972764","forks_url":"https://api.github.com/repos/sidgbpec/hello-world0.6642722936972764/forks","keys_url":"https://api.github.com/repos/sidgbpec/hello-world0.6642722936972764/keys{/key_id}","collaborators_url":"https://api.github.com/repos/sidgbpec/hello-world0.6642722936972764/collaborators{/collaborator}","teams_url":"https://api.github.com/repos/sidgbpec/hello-world0.6642722936972764/teams","hooks_url":"https://api.github.com/repos/sidgbpec/hello-world0.6642722936972764/hooks","issue_events_url":"https://api.github.com/repos/sidgbpec/hello-world0.6642722936972764/issues/events{/number}","events_url":"https://api.github.com/repos/sidgbpec/hello-world0.6642722936972764/events","assignees_url":"https://api.github.com/repos/sidgbpec/hello-world0.6642722936972764/assignees{/user}","branches_url":"https://api.github.com/repos/sidgbpec/hello-world0.6642722936972764/branches{/branch}","tags_url":"https://api.github.com/repos/sidgbpec/hello-world0.6642722936972764/tags","blobs_url":"https://api.github.com/repos/sidgbpec/hello-world0.6642722936972764/git/blobs{/sha}","git_tags_url":"https://api.github.com/repos/sidgbpec/hello-world0.6642722936972764/git/tags{/sha}","git_refs_url":"https://api.github.com/repos/sidgbpec/hello-world0.6642722936972764/git/refs{/sha}","trees_url":"https://api.github.com/repos/sidgbpec/hello-world0.6642722936972764/git/trees{/sha}","statuses_url":"https://api.github.com/repos/sidgbpec/hello-world0.6642722936972764/statuses/{sha}","languages_url":"https://api.github.com/repos/sidgbpec/hello-world0.6642722936972764/languages","stargazers_url":"https://api.github.com/repos/sidgbpec/hello-world0.6642722936972764/stargazers","contributors_url":"https://api.github.com/repos/sidgbpec/hello-world0.6642722936972764/contributors","subscribers_url":"https://api.github.com/repos/sidgbpec/hello-world0.6642722936972764/subscribers","subscription_url":"https://api.github.com/repos/sidgbpec/hello-world0.6642722936972764/subscription","commits_url":"https://api.github.com/repos/sidgbpec/hello-world0.6642722936972764/commits{/sha}","git_commits_url":"https://api.github.com/repos/sidgbpec/hello-world0.6642722936972764/git/commits{/sha}","comments_url":"https://api.github.com/repos/sidgbpec/hello-world0.6642722936972764/comments{/number}","issue_comment_url":"https://api.github.com/repos/sidgbpec/hello-world0.6642722936972764/issues/comments{/number}","contents_url":"https://api.github.com/repos/sidgbpec/hello-world0.6642722936972764/contents/{+path}","compare_url":"https://api.github.com/repos/sidgbpec/hello-world0.6642722936972764/compare/{base}...{head}","merges_url":"https://api.github.com/repos/sidgbpec/hello-world0.6642722936972764/merges","archive_url":"https://api.github.com/repos/sidgbpec/hello-world0.6642722936972764/{archive_format}{/ref}","downloads_url":"https://api.github.com/repos/sidgbpec/hello-world0.6642722936972764/downloads","issues_url":"https://api.github.com/repos/sidgbpec/hello-world0.6642722936972764/issues{/number}","pulls_url":"https://api.github.com/repos/sidgbpec/hello-world0.6642722936972764/pulls{/number}","milestones_url":"https://api.github.com/repos/sidgbpec/hello-world0.6642722936972764/milestones{/number}","notifications_url":"https://api.github.com/repos/sidgbpec/hello-world0.6642722936972764/notifications{?since,all,participating}","labels_url":"https://api.github.com/repos/sidgbpec/hello-world0.6642722936972764/labels{/name}","releases_url":"https://api.github.com/repos/sidgbpec/hello-world0.6642722936972764/releases{/id}","deployments_url":"https://api.github.com/repos/sidgbpec/hello-world0.6642722936972764/deployments","created_at":"2023-10-01T04:09:43Z","updated_at":"2023-10-01T04:09:43Z","pushed_at":"2023-10-01T04:09:43Z","git_url":"git://github.com/sidgbpec/hello-world0.6642722936972764.git","ssh_url":"git@github.com:sidgbpec/hello-world0.6642722936972764.git","clone_url":"https://github.com/sidgbpec/hello-world0.6642722936972764.git","svn_url":"https://github.com/sidgbpec/hello-world0.6642722936972764","homepage":null,"size":0,"stargazers_count":0,"watchers_count":0,"language":null,"has_issues":true,"has_projects":true,"has_downloads":true,"has_wiki":true,"has_pages":false,"has_discussions":false,"forks_count":0,"mirror_url":null,"archived":false,"disabled":false,"open_issues_count":0,"license":null,"allow_forking":true,"is_template":false,"web_commit_signoff_required":false,"topics":[],"visibility":"public","forks":0,"open_issues":0,"watchers":0,"default_branch":"main","permissions":{"admin":true,"maintain":true,"push":true,"triage":true,"pull":true},"temp_clone_token":"","allow_squash_merge":true,"allow_merge_commit":true,"allow_rebase_merge":true,"allow_auto_merge":false,"delete_branch_on_merge":false,"allow_update_branch":false,"use_squash_pr_title_as_default":false,"squash_merge_commit_message":"COMMIT_MESSAGES","squash_merge_commit_title":"COMMIT_OR_PR_TITLE","merge_commit_message":"PR_TITLE","merge_commit_title":"MERGE_MESSAGE","security_and_analysis":{"secret_scanning":{"status":"disabled"},"secret_scanning_push_protection":{"status":"disabled"},"dependabot_security_updates":{"status":"disabled"}},"network_count":0,"subscribers_count":1}
]]></system-out>
  </testcase>
  <testcase name="testToUpdateARepo" classname="tests.GitHubTests" time="0.685">
    <system-out><![CDATA[request body being used for updation: {
  "description" : "updated through test case"
}
after updation, response is {"id":698819944,"node_id":"R_kgDOKaclaA","name":"hello-world0.6642722936972764","full_name":"sidgbpec/hello-world0.6642722936972764","private":false,"owner":{"login":"sidgbpec","id":65030726,"node_id":"MDQ6VXNlcjY1MDMwNzI2","avatar_url":"https://avatars.githubusercontent.com/u/65030726?v=4","gravatar_id":"","url":"https://api.github.com/users/sidgbpec","html_url":"https://github.com/sidgbpec","followers_url":"https://api.github.com/users/sidgbpec/followers","following_url":"https://api.github.com/users/sidgbpec/following{/other_user}","gists_url":"https://api.github.com/users/sidgbpec/gists{/gist_id}","starred_url":"https://api.github.com/users/sidgbpec/starred{/owner}{/repo}","subscriptions_url":"https://api.github.com/users/sidgbpec/subscriptions","organizations_url":"https://api.github.com/users/sidgbpec/orgs","repos_url":"https://api.github.com/users/sidgbpec/repos","events_url":"https://api.github.com/users/sidgbpec/events{/privacy}","received_events_url":"https://api.github.com/users/sidgbpec/received_events","type":"User","site_admin":false},"html_url":"https://github.com/sidgbpec/hello-world0.6642722936972764","description":"updated through test case","fork":false,"url":"https://api.github.com/repos/sidgbpec/hello-world0.6642722936972764","forks_url":"https://api.github.com/repos/sidgbpec/hello-world0.6642722936972764/forks","keys_url":"https://api.github.com/repos/sidgbpec/hello-world0.6642722936972764/keys{/key_id}","collaborators_url":"https://api.github.com/repos/sidgbpec/hello-world0.6642722936972764/collaborators{/collaborator}","teams_url":"https://api.github.com/repos/sidgbpec/hello-world0.6642722936972764/teams","hooks_url":"https://api.github.com/repos/sidgbpec/hello-world0.6642722936972764/hooks","issue_events_url":"https://api.github.com/repos/sidgbpec/hello-world0.6642722936972764/issues/events{/number}","events_url":"https://api.github.com/repos/sidgbpec/hello-world0.6642722936972764/events","assignees_url":"https://api.github.com/repos/sidgbpec/hello-world0.6642722936972764/assignees{/user}","branches_url":"https://api.github.com/repos/sidgbpec/hello-world0.6642722936972764/branches{/branch}","tags_url":"https://api.github.com/repos/sidgbpec/hello-world0.6642722936972764/tags","blobs_url":"https://api.github.com/repos/sidgbpec/hello-world0.6642722936972764/git/blobs{/sha}","git_tags_url":"https://api.github.com/repos/sidgbpec/hello-world0.6642722936972764/git/tags{/sha}","git_refs_url":"https://api.github.com/repos/sidgbpec/hello-world0.6642722936972764/git/refs{/sha}","trees_url":"https://api.github.com/repos/sidgbpec/hello-world0.6642722936972764/git/trees{/sha}","statuses_url":"https://api.github.com/repos/sidgbpec/hello-world0.6642722936972764/statuses/{sha}","languages_url":"https://api.github.com/repos/sidgbpec/hello-world0.6642722936972764/languages","stargazers_url":"https://api.github.com/repos/sidgbpec/hello-world0.6642722936972764/stargazers","contributors_url":"https://api.github.com/repos/sidgbpec/hello-world0.6642722936972764/contributors","subscribers_url":"https://api.github.com/repos/sidgbpec/hello-world0.6642722936972764/subscribers","subscription_url":"https://api.github.com/repos/sidgbpec/hello-world0.6642722936972764/subscription","commits_url":"https://api.github.com/repos/sidgbpec/hello-world0.6642722936972764/commits{/sha}","git_commits_url":"https://api.github.com/repos/sidgbpec/hello-world0.6642722936972764/git/commits{/sha}","comments_url":"https://api.github.com/repos/sidgbpec/hello-world0.6642722936972764/comments{/number}","issue_comment_url":"https://api.github.com/repos/sidgbpec/hello-world0.6642722936972764/issues/comments{/number}","contents_url":"https://api.github.com/repos/sidgbpec/hello-world0.6642722936972764/contents/{+path}","compare_url":"https://api.github.com/repos/sidgbpec/hello-world0.6642722936972764/compare/{base}...{head}","merges_url":"https://api.github.com/repos/sidgbpec/hello-world0.6642722936972764/merges","archive_url":"https://api.github.com/repos/sidgbpec/hello-world0.6642722936972764/{archive_format}{/ref}","downloads_url":"https://api.github.com/repos/sidgbpec/hello-world0.6642722936972764/downloads","issues_url":"https://api.github.com/repos/sidgbpec/hello-world0.6642722936972764/issues{/number}","pulls_url":"https://api.github.com/repos/sidgbpec/hello-world0.6642722936972764/pulls{/number}","milestones_url":"https://api.github.com/repos/sidgbpec/hello-world0.6642722936972764/milestones{/number}","notifications_url":"https://api.github.com/repos/sidgbpec/hello-world0.6642722936972764/notifications{?since,all,participating}","labels_url":"https://api.github.com/repos/sidgbpec/hello-world0.6642722936972764/labels{/name}","releases_url":"https://api.github.com/repos/sidgbpec/hello-world0.6642722936972764/releases{/id}","deployments_url":"https://api.github.com/repos/sidgbpec/hello-world0.6642722936972764/deployments","created_at":"2023-10-01T04:09:43Z","updated_at":"2023-10-01T04:09:48Z","pushed_at":"2023-10-01T04:09:43Z","git_url":"git://github.com/sidgbpec/hello-world0.6642722936972764.git","ssh_url":"git@github.com:sidgbpec/hello-world0.6642722936972764.git","clone_url":"https://github.com/sidgbpec/hello-world0.6642722936972764.git","svn_url":"https://github.com/sidgbpec/hello-world0.6642722936972764","homepage":null,"size":0,"stargazers_count":0,"watchers_count":0,"language":null,"has_issues":true,"has_projects":true,"has_downloads":true,"has_wiki":true,"has_pages":false,"has_discussions":false,"forks_count":0,"mirror_url":null,"archived":false,"disabled":false,"open_issues_count":0,"license":null,"allow_forking":true,"is_template":false,"web_commit_signoff_required":false,"topics":[],"visibility":"public","forks":0,"open_issues":0,"watchers":0,"default_branch":"main","permissions":{"admin":true,"maintain":true,"push":true,"triage":true,"pull":true},"allow_squash_merge":true,"allow_merge_commit":true,"allow_rebase_merge":true,"allow_auto_merge":false,"delete_branch_on_merge":false,"allow_update_branch":false,"use_squash_pr_title_as_default":false,"squash_merge_commit_message":"COMMIT_MESSAGES","squash_merge_commit_title":"COMMIT_OR_PR_TITLE","merge_commit_message":"PR_TITLE","merge_commit_title":"MERGE_MESSAGE","security_and_analysis":{"secret_scanning":{"status":"disabled"},"secret_scanning_push_protection":{"status":"disabled"},"dependabot_security_updates":{"status":"disabled"}},"network_count":0,"subscribers_count":1}
]]></system-out>
  </testcase>
  <testcase name="testToDeleteARepo" classname="tests.GitHubTests" time="0.952"/>
</testsuite>