<?xml version="1.0" encoding="UTF-8"?>
<testng-results ignored="0" total="4" passed="4" failed="0" skipped="0">
  <reporter-output>
  </reporter-output>
  <suite started-at="2023-10-01T16:35:47 IST" name="Suite" finished-at="2023-10-01T16:36:02 IST" duration-ms="14468">
    <groups>
    </groups>
    <test started-at="2023-10-01T16:35:47 IST" name="Test" finished-at="2023-10-01T16:36:02 IST" duration-ms="14468">
      <class name="tests.GitHubTests">
        <test-method signature="testToCreateARepoWithPojo()[pri:0, instance:tests.GitHubTests@1ffaf86]" started-at="2023-10-01T16:35:48 IST" name="testToCreateARepoWithPojo" finished-at="2023-10-01T16:35:57 IST" duration-ms="9552" status="PASS">
          <reporter-output>
          </reporter-output>
        </test-method> <!-- testToCreateARepoWithPojo -->
        <test-method signature="testToReadARepo()[pri:1, instance:tests.GitHubTests@1ffaf86]" started-at="2023-10-01T16:35:57 IST" name="testToReadARepo" finished-at="2023-10-01T16:36:00 IST" duration-ms="2754" status="PASS">
          <reporter-output>
          </reporter-output>
        </test-method> <!-- testToReadARepo -->
        <test-method signature="testToUpdateARepo()[pri:2, instance:tests.GitHubTests@1ffaf86]" started-at="2023-10-01T16:36:00 IST" name="testToUpdateARepo" finished-at="2023-10-01T16:36:01 IST" duration-ms="918" status="PASS">
          <reporter-output>
          </reporter-output>
        </test-method> <!-- testToUpdateARepo -->
        <test-method signature="testToDeleteARepo()[pri:3, instance:tests.GitHubTests@1ffaf86]" started-at="2023-10-01T16:36:01 IST" name="testToDeleteARepo" finished-at="2023-10-01T16:36:02 IST" duration-ms="903" status="PASS">
          <reporter-output>
          </reporter-output>
        </test-method> <!-- testToDeleteARepo -->
      </class> <!-- tests.GitHubTests -->
    </test> <!-- Test -->
  </suite> <!-- Suite -->
</testng-results>
